Loaded 2 labels
javax.imageio.IIOException: Can't read input file!
Loaded 2 labels
javax.imageio.IIOException: Can't read input file!
Loaded 2 labels
Loaded 12700 images
------------------------------------------------------------------------------------------------------------------------------------------------
TRAINING NEURAL NETWORK
------------------------------------------------------------------------------------------------------------------------------------------------
Loaded 2 labels
Loaded 12700 images
------------------------------------------------------------------------------------------------------------------------------------------------
TRAINING NEURAL NETWORK
------------------------------------------------------------------------------------------------------------------------------------------------
Epoch:1, Time:16961ms, TrainError:0.10923163, TrainErrorChange:0.10923163, TrainAccuracy: 0.96148646

TRAINING COMPLETED
Total Training Time: 25242ms
------------------------------------------------------------------------
Loaded 2 labels
Loaded 12700 images
------------------------------------------------------------------------------------------------------------------------------------------------
TRAINING NEURAL NETWORK
------------------------------------------------------------------------------------------------------------------------------------------------
Epoch:1, Time:16517ms, TrainError:0.10923163, TrainErrorChange:0.10923163, TrainAccuracy: 0.96148646

TRAINING COMPLETED
Total Training Time: 25222ms
------------------------------------------------------------------------
Loaded 2 labels
Loaded 12700 images
------------------------------------------------------------------------------------------------------------------------------------------------
TRAINING NEURAL NETWORK
------------------------------------------------------------------------------------------------------------------------------------------------
Epoch:1, Time:16282ms, TrainError:0.10923163, TrainErrorChange:0.10923163, TrainAccuracy: 0.96148646

TRAINING COMPLETED
Total Training Time: 24683ms
------------------------------------------------------------------------
Loaded 2 labels
Loaded 12700 images
------------------------------------------------------------------------------------------------------------------------------------------------
TRAINING NEURAL NETWORK
------------------------------------------------------------------------------------------------------------------------------------------------
Epoch:1, Time:16731ms, TrainError:0.10923163, TrainErrorChange:0.10923163, TrainAccuracy: 0.96148646

TRAINING COMPLETED
Total Training Time: 24925ms
------------------------------------------------------------------------
